<?xml version="1.0" encoding="UTF-8" ?>
<testsuite tests="4" failures="0" name="com.axxes.sample.beans.PersonTest" time="0" errors="0" skipped="0">
  <properties>
[...]
</properties>
  <testcase classname="com.axxes.sample.beans.PersonTest" name="testLastNameSetter" time="0"/>
  <testcase classname="com.axxes.sample.beans.PersonTest" name="testToString" time="0"/>
  <testcase classname="com.axxes.sample.beans.PersonTest" name="testFirstNameSetter" time="0"/>
  <testcase classname="com.axxes.sample.beans.PersonTest" name="testConstructor" time="0"/>
</testsuite>